Copyright 1986-2019 Xilinx, Inc. All Rights Reserved.
----------------------------------------------------------------------------------------
| Tool Version     : Vivado v.2019.2 (lin64) Build 2708876 Wed Nov  6 21:39:14 MST 2019
| Date             : Fri Feb 11 15:55:57 2022
| Host             : Afrodri-HP-Linux running 64-bit Ubuntu 20.04.3 LTS
| Command          : report_power -file nexys4ddr_power.rpt
| Design           : nexys4ddr
| Device           : xc7a100tcsg324-1
| Design State     : routed
| Grade            : commercial
| Process          : typical
| Characterization : Production
----------------------------------------------------------------------------------------

Power Report

Table of Contents
-----------------
1. Summary
1.1 On-Chip Components
1.2 Power Supply Summary
1.3 Confidence Level
2. Settings
2.1 Environment
2.2 Clock Constraints
3. Detailed Reports
3.1 By Hierarchy

1. Summary
----------

+--------------------------+----------------------------------+
| Total On-Chip Power (W)  | 31.961 (Junction temp exceeded!) |
| Design Power Budget (W)  | Unspecified*                     |
| Power Budget Margin (W)  | NA                               |
| Dynamic (W)              | 31.082                           |
| Device Static (W)        | 0.879                            |
| Effective TJA (C/W)      | 4.6                              |
| Max Ambient (C)          | 0.0                              |
| Junction Temperature (C) | 125.0                            |
| Confidence Level         | Low                              |
| Setting File             | ---                              |
| Simulation Activity File | ---                              |
| Design Nets Matched      | NA                               |
+--------------------------+----------------------------------+
* Specify Design Power Budget using, set_operating_conditions -design_power_budget <value in Watts>


1.1 On-Chip Components
----------------------

+--------------------------+-----------+----------+-----------+-----------------+
| On-Chip                  | Power (W) | Used     | Available | Utilization (%) |
+--------------------------+-----------+----------+-----------+-----------------+
| Slice Logic              |     6.279 |     8188 |       --- |             --- |
|   LUT as Logic           |     4.632 |     3581 |     63400 |            5.65 |
|   CARRY4                 |     1.005 |      404 |     15850 |            2.55 |
|   Register               |     0.440 |     3224 |    126800 |            2.54 |
|   LUT as Distributed RAM |     0.196 |      152 |     19000 |            0.80 |
|   BUFG                   |     0.006 |        1 |        32 |            3.13 |
|   F7/F8 Muxes            |    <0.001 |        8 |     63400 |            0.01 |
|   Others                 |     0.000 |       30 |       --- |             --- |
| Signals                  |    10.006 |     6354 |       --- |             --- |
| Block RAM                |     6.312 |      134 |       135 |           99.26 |
| DSPs                     |     0.209 |        1 |       240 |            0.42 |
| I/O                      |     8.276 |       79 |       210 |           37.62 |
| Static Power             |     0.879 |          |           |                 |
| Total                    |    31.961 |          |           |                 |
+--------------------------+-----------+----------+-----------+-----------------+


1.2 Power Supply Summary
------------------------

+-----------+-------------+-----------+-------------+------------+
| Source    | Voltage (V) | Total (A) | Dynamic (A) | Static (A) |
+-----------+-------------+-----------+-------------+------------+
| Vccint    |       1.000 |    22.961 |      22.358 |      0.603 |
| Vccaux    |       1.800 |     0.393 |       0.300 |      0.093 |
| Vcco33    |       3.300 |     2.323 |       2.319 |      0.004 |
| Vcco25    |       2.500 |     0.000 |       0.000 |      0.000 |
| Vcco18    |       1.800 |     0.000 |       0.000 |      0.000 |
| Vcco15    |       1.500 |     0.000 |       0.000 |      0.000 |
| Vcco135   |       1.350 |     0.000 |       0.000 |      0.000 |
| Vcco12    |       1.200 |     0.000 |       0.000 |      0.000 |
| Vccaux_io |       1.800 |     0.000 |       0.000 |      0.000 |
| Vccbram   |       1.000 |     0.591 |       0.532 |      0.060 |
| MGTAVcc   |       1.000 |     0.000 |       0.000 |      0.000 |
| MGTAVtt   |       1.200 |     0.000 |       0.000 |      0.000 |
| Vccadc    |       1.800 |     0.020 |       0.000 |      0.020 |
+-----------+-------------+-----------+-------------+------------+


1.3 Confidence Level
--------------------

+-----------------------------+------------+--------------------------------------------------------+--------------------------------------------------------------------------------------------------------------------+
| User Input Data             | Confidence | Details                                                | Action                                                                                                             |
+-----------------------------+------------+--------------------------------------------------------+--------------------------------------------------------------------------------------------------------------------+
| Design implementation state | High       | Design is routed                                       |                                                                                                                    |
| Clock nodes activity        | Low        | User specified less than 75% of clocks                 | Provide missing clock activity with a constraint file, simulation results or by editing the "By Clock Domain" view |
| I/O nodes activity          | Low        | More than 75% of inputs are missing user specification | Provide missing input activity with simulation results or by editing the "By Resource Type -> I/Os" view           |
| Internal nodes activity     | Medium     | User specified less than 25% of internal nodes         | Provide missing internal nodes activity with simulation results or by editing the "By Resource Type" views         |
| Device models               | High       | Device models are Production                           |                                                                                                                    |
|                             |            |                                                        |                                                                                                                    |
| Overall confidence level    | Low        |                                                        |                                                                                                                    |
+-----------------------------+------------+--------------------------------------------------------+--------------------------------------------------------------------------------------------------------------------+


2. Settings
-----------

2.1 Environment
---------------

+-----------------------+--------------------------+
| Ambient Temp (C)      | 25.0                     |
| ThetaJA (C/W)         | 4.6                      |
| Airflow (LFM)         | 250                      |
| Heat Sink             | medium (Medium Profile)  |
| ThetaSA (C/W)         | 4.6                      |
| Board Selection       | medium (10"x10")         |
| # of Board Layers     | 12to15 (12 to 15 Layers) |
| Board Temperature (C) | 25.0                     |
+-----------------------+--------------------------+


2.2 Clock Constraints
---------------------

+-------+--------+-----------------+
| Clock | Domain | Constraint (ns) |
+-------+--------+-----------------+


3. Detailed Reports
-------------------

3.1 By Hierarchy
----------------

+-------------------------------+-----------+
| Name                          | Power (W) |
+-------------------------------+-----------+
| nexys4ddr                     |    31.082 |
|   bloqueultrasonido           |     0.750 |
|     maquinadeestados0         |     0.094 |
|       divisorfrecme0          |     0.094 |
|     ultrasonido0              |     0.656 |
|       contador0               |     0.140 |
|       divisorfrec0            |     0.117 |
|       divisorfrecd0           |     0.188 |
|       divisorfrecgen0         |     0.212 |
|   picorv32                    |     6.613 |
|     cpuregs_reg_r1_0_63_0_2   |     0.016 |
|     cpuregs_reg_r1_0_63_12_14 |     0.012 |
|     cpuregs_reg_r1_0_63_15_17 |     0.013 |
|     cpuregs_reg_r1_0_63_18_20 |     0.015 |
|     cpuregs_reg_r1_0_63_21_23 |     0.013 |
|     cpuregs_reg_r1_0_63_24_26 |     0.011 |
|     cpuregs_reg_r1_0_63_27_29 |     0.011 |
|     cpuregs_reg_r1_0_63_30_31 |     0.009 |
|     cpuregs_reg_r1_0_63_3_5   |     0.015 |
|     cpuregs_reg_r1_0_63_6_8   |     0.012 |
|     cpuregs_reg_r1_0_63_9_11  |     0.012 |
|     cpuregs_reg_r2_0_63_0_2   |     0.022 |
|     cpuregs_reg_r2_0_63_12_14 |     0.028 |
|     cpuregs_reg_r2_0_63_15_17 |     0.028 |
|     cpuregs_reg_r2_0_63_18_20 |     0.029 |
|     cpuregs_reg_r2_0_63_21_23 |     0.027 |
|     cpuregs_reg_r2_0_63_24_26 |     0.027 |
|     cpuregs_reg_r2_0_63_27_29 |     0.023 |
|     cpuregs_reg_r2_0_63_30_31 |     0.023 |
|     cpuregs_reg_r2_0_63_3_5   |     0.023 |
|     cpuregs_reg_r2_0_63_6_8   |     0.028 |
|     cpuregs_reg_r2_0_63_9_11  |     0.027 |
|     pcpi_div                  |     1.195 |
|     pcpi_mul                  |     0.341 |
|   pwm_1                       |     0.262 |
+-------------------------------+-----------+


